3, 4, 1190, 38, 39
3, 4, 41, 1241, 39
3, 4, 48, 1389, 39
3, 4, 48, 3141, 39
3, 4, 48, 3600, 39
3, 4, 48, 41, 3634
3, 4, 48, 3634, 39
3, 4, 41, 3634, 39
4, 4, 48, 41, 3634, 39
3, 4, 41, 3905, 39
3, 4, 48, 4805, 39
3, 4, 48, 5054, 39
3, 4, 48, 7266, 39
3, 4, 48, 8063, 39
3, 4, 48, 8362, 39
3, 4, 8580, 310, 39
3, 4, 48, 8883, 39
3, 4, 9931, 4685, 39
3, 4, 32, 48, 1584
3, 4, 48, 1601, 39
3, 4, 41, 2007, 39
3, 4, 48, 2460, 2461
3, 4, 48, 2508, 39
3, 4, 41, 3054, 39
3, 4, 48, 3054, 39
3, 4, 48, 3624, 39
3, 4, 48, 3685, 39
3, 4, 48, 3847, 39
3, 4, 48, 41, 3986
3, 4, 48, 3986, 39
3, 4, 41, 3986, 39
4, 4, 48, 41, 3986, 39
3, 4, 48, 4179, 39
3, 4, 48, 4814, 39
3, 4, 48, 4837, 39
3, 4, 48, 4869, 39
3, 4, 32, 4910, 39
3, 4, 48, 4910, 39
3, 4, 48, 5090, 39
3, 4, 48, 2012, 5254
3, 4, 48, 5254, 39
4, 4, 48, 2012, 5254, 39
3, 4, 2012, 5254, 39
3, 4, 48, 41, 5520
3, 4, 41, 5604, 39
3, 5, 48, 5609, 39
3, 5, 41, 5689, 39
4, 5, 48, 41, 5689, 39
3, 5, 48, 5689, 39
3, 5, 48, 41, 5689
3, 4, 48, 5804, 39
3, 5, 48, 5956, 39
3, 4, 48, 6172, 39
3, 4, 48, 41, 6172
3, 4, 48, 6808, 39
3, 4, 48, 7053, 39
3, 4, 48, 41, 7203
3, 4, 32, 48, 7271
3, 4, 48, 7271, 39
3, 5, 48, 7500, 39
3, 4, 41, 7507, 39
3, 4, 41, 7651, 39
3, 5, 48, 7652, 39
3, 4, 48, 7691, 39
3, 4, 48, 7768, 39
3, 4, 48, 8041, 39
3, 4, 48, 8119, 39
3, 4, 48, 8196, 39
3, 4, 48, 8208, 39
3, 4, 48, 41, 8239
3, 5, 48, 8239, 39
3, 4, 41, 8239, 39
4, 4, 48, 41, 8239, 39
3, 4, 41, 8399, 39
3, 4, 48, 8450, 39
3, 4, 48, 8817, 39
3, 4, 48, 8936, 39
3, 4, 48, 41, 9137
3, 4, 48, 9137, 39
3, 4, 48, 9311, 39
3, 4, 48, 9735, 39
3, 4, 41, 38, 10049
3, 4, 48, 10268, 39
3, 4, 10866, 38, 110
3, 4, 41, 28, 39
3, 4, 48, 461, 39
3, 4, 41, 953, 39
3, 4, 48, 953, 39
3, 4, 48, 1259, 39
3, 4, 41, 1358, 39
3, 4, 41, 1732, 39
3, 4, 48, 1777, 39
3, 4, 41, 2253, 39
3, 4, 2264, 41, 39
3, 4, 48, 2274, 438
3, 5, 48, 2274, 39
4, 4, 48, 2274, 438, 39
3, 4, 2274, 438, 39
3, 4, 48, 2367, 39
3, 4, 48, 2433, 39
3, 4, 48, 2467, 39
3, 5, 48, 2576, 39
3, 6, 3304, 3305, 3303
4, 6, 3304, 3305, 3306, 3303
3, 6, 3304, 3306, 3303
3, 6, 3305, 3306, 3303
3, 5, 3304, 39, 3303
4, 5, 3304, 3306, 3303, 39
4, 5, 3304, 3305, 3303, 39
5, 5, 3304, 3305, 3306, 39, 3303
3, 5, 3306, 39, 3303
3, 5, 3305, 39, 3303
4, 5, 3305, 3306, 3303, 39
3, 4, 48, 3303, 39
4, 4, 48, 3304, 39, 3303
5, 4, 48, 3304, 3306, 3303, 39
5, 4, 48, 3304, 3303, 3305, 39
6, 4, 39, 3304, 3305, 3306, 3303, 48
4, 4, 48, 3306, 39, 3303
4, 4, 48, 3305, 39, 3303
5, 4, 48, 3305, 3306, 3303, 39
3, 4, 48, 3304, 3303
4, 4, 48, 3304, 3306, 3303
4, 4, 48, 3304, 3305, 3303
5, 4, 48, 3304, 3306, 3303, 3305
3, 4, 48, 3306, 3303
3, 4, 48, 3305, 3303
4, 4, 48, 3305, 3306, 3303
3, 4, 48, 3356, 39
3, 4, 48, 41, 3473
3, 4, 48, 3534, 39
3, 4, 48, 3591, 39
3, 4, 48, 3671, 39
3, 4, 48, 3767, 39
3, 4, 3767, 61, 39
3, 4, 32, 48, 3839
3, 4, 48, 41, 4079
3, 4, 48, 4079, 39
3, 4, 4095, 229, 39
3, 4, 41, 4095, 39
3, 4, 48, 4300, 39
3, 4, 48, 4368, 39
3, 4, 48, 41, 4559
3, 4, 48, 4895, 39
3, 4, 48, 5079, 39
3, 4, 48, 5185, 39
3, 4, 41, 5213, 39
3, 4, 48, 5227, 39
3, 4, 32, 5238, 39
3, 4, 48, 5522, 39
3, 4, 48, 1344, 5532
3, 4, 1344, 5532, 39
3, 4, 48, 5532, 39
4, 4, 48, 1344, 5532, 39
3, 5, 48, 41, 5533
4, 4, 48, 41, 1344, 5533
5, 4, 48, 41, 1344, 5533, 3774
4, 4, 48, 41, 5533, 3774
3, 4, 1344, 41, 5533
4, 4, 1344, 41, 5533, 3774
3, 4, 41, 5533, 3774
3, 4, 48, 1344, 5533
4, 4, 48, 1344, 5533, 3774
3, 4, 48, 5533, 3774
3, 5, 48, 5533, 39
4, 4, 48, 1344, 5533, 39
5, 4, 48, 1344, 5533, 3774, 39
4, 4, 48, 5533, 3774, 39
3, 5, 41, 5533, 39
4, 5, 48, 41, 5533, 39
5, 4, 48, 41, 1344, 5533, 39
6, 4, 1344, 39, 41, 48, 5533, 3774
5, 4, 48, 41, 5533, 3774, 39
4, 4, 1344, 41, 5533, 39
5, 4, 1344, 41, 5533, 3774, 39
4, 4, 41, 5533, 3774, 39
3, 4, 1344, 5533, 39
4, 4, 1344, 5533, 3774, 39
3, 4, 5533, 3774, 39
3, 4, 1344, 5533, 3774
3, 4, 48, 5540, 39
3, 4, 41, 5610, 39
3, 4, 48, 5684, 39
3, 4, 48, 41, 5690
3, 4, 48, 5690, 39
3, 4, 41, 5690, 39
4, 4, 48, 41, 5690, 39
3, 4, 48, 5693, 39
3, 4, 48, 41, 5704
3, 4, 48, 5799, 39
3, 4, 48, 5847, 39
3, 4, 48, 5906, 39
3, 4, 48, 5994, 39
3, 4, 682, 6077, 166
4, 4, 682, 6077, 166, 